<?xml version="1.0" encoding="UTF-8"?>
<!-- Generated by org.testng.reporters.JUnitReportReporter -->
<testsuite hostname="DESKTOP-IS127G1" failures="0" tests="1" name="com.bpract.mlmdemo.testscripts.DemoCreateTicketTest" time="17.788" errors="0" timestamp="2023-08-23T09:35:48 IST" skipped="0">
  <testcase classname="com.bpract.mlmdemo.testscripts.DemoCreateTicketTest" name="verifyValidAdminCreateCategories" time="17.788"/>
  <system-out>
welcome to dashboard!!! welcome to help center Add Category page!!!  </system-out>
</testsuite> <!-- com.bpract.mlmdemo.testscripts.DemoCreateTicketTest -->
