<?xml version="1.0" encoding="UTF-8"?>
<!-- Generated by org.testng.reporters.JUnitReportReporter -->
<testsuite hostname="DESKTOP-IS127G1" failures="0" tests="1" name="com.bpract.mlmdemo.testscripts.DemoToolsTest" time="19.052" errors="0" timestamp="2023-08-09T11:07:29 IST" skipped="0">
  <testcase classname="com.bpract.mlmdemo.testscripts.DemoToolsTest" name="verifyValidVideoCreation" time="19.052"/>
  <system-out>
welcome to dashboard!!! Successfully navigate video dashboard add video details page  </system-out>
</testsuite> <!-- com.bpract.mlmdemo.testscripts.DemoToolsTest -->
