<?xml version="1.0" encoding="UTF-8"?>
<!-- Generated by org.testng.reporters.JUnitReportReporter -->
<testsuite hostname="DESKTOP-IS127G1" failures="0" tests="1" name="com.bpract.mlmdemo.testscripts.DemoLoginTest" time="18.982" errors="0" timestamp="2023-07-27T11:10:01 IST" skipped="0">
  <testcase classname="com.bpract.mlmdemo.testscripts.DemoLoginTest" name="verifyUserLoginWithValidData" time="18.982"/>
  <system-out>
Login Success!!!  </system-out>
</testsuite> <!-- com.bpract.mlmdemo.testscripts.DemoLoginTest -->
