<?xml version="1.0" encoding="UTF-8"?>
<!-- Generated by org.testng.reporters.JUnitReportReporter -->
<testsuite hostname="DESKTOP-IS127G1" failures="0" tests="1" name="com.bpract.mlmdemo.testscripts.DemoAdminBlogTest" time="25.715" errors="0" timestamp="2023-08-30T12:39:14 IST" skipped="0">
  <testcase classname="com.bpract.mlmdemo.testscripts.DemoAdminBlogTest" name="verifyPublicBlogWithValidData" time="25.715"/>
  <system-out>
welcome to dashboard!!!  </system-out>
</testsuite> <!-- com.bpract.mlmdemo.testscripts.DemoAdminBlogTest -->
