<?xml version="1.0" encoding="UTF-8"?>
<!-- Generated by org.testng.reporters.JUnitReportReporter -->
<testsuite hostname="DESKTOP-IS127G1" failures="0" tests="2" name="com.bpract.mlmdemo.testscripts.DemoForgotPasswordTest" time="26.607" errors="0" timestamp="2023-07-25T14:41:50 IST" skipped="0">
  <testcase classname="com.bpract.mlmdemo.testscripts.DemoForgotPasswordTest" name="verifyResetPasswordBackButton" time="13.937"/>
  <system-out>
You are in Forgot Password Page!!! successfully get login page welcome message!!  </system-out>
  <testcase classname="com.bpract.mlmdemo.testscripts.DemoForgotPasswordTest" name="verifyValidEmailAddress" time="12.670"/>
  <system-out>
You are in Forgot Password Page!!! Successfully sent password reset message  </system-out>
</testsuite> <!-- com.bpract.mlmdemo.testscripts.DemoForgotPasswordTest -->
