<?xml version="1.0" encoding="UTF-8"?>
<!-- Generated by org.testng.reporters.JUnitReportReporter -->
<testsuite hostname="DESKTOP-IS127G1" failures="0" tests="1" name="com.bpract.mlmdemo.testscripts.DemoRegisterTest" time="13.792" errors="0" timestamp="2023-07-27T09:38:29 IST" skipped="0">
  <testcase classname="com.bpract.mlmdemo.testscripts.DemoRegisterTest" name="verifyUserRegistrationWithInvalidEmail" time="13.792"/>
  <system-out>
successfully navigate to register page!!! Invalid Email Message Displayed!!!  </system-out>
</testsuite> <!-- com.bpract.mlmdemo.testscripts.DemoRegisterTest -->
