<?xml version="1.0" encoding="UTF-8"?>
<!-- Generated by org.testng.reporters.JUnitReportReporter -->
<testsuite hostname="DESKTOP-IS127G1" failures="0" tests="1" name="com.bpract.mlmdemo.testscripts.DemoProfileTest" time="13.353" errors="0" timestamp="2023-08-12T16:45:29 IST" skipped="0">
  <testcase classname="com.bpract.mlmdemo.testscripts.DemoProfileTest" name="uploadUserProfileImage" time="13.353"/>
  <system-out>
welcome to dashboard You are on profile!!! You are on edit info page!!!  </system-out>
</testsuite> <!-- com.bpract.mlmdemo.testscripts.DemoProfileTest -->
