<?xml version="1.0" encoding="UTF-8"?>
<!-- Generated by org.testng.reporters.JUnitReportReporter -->
<testsuite hostname="DESKTOP-IS127G1" failures="0" tests="1" name="com.bpract.mlmdemo.testscripts.DemoCommunicationTest" time="11.589" errors="0" timestamp="2023-08-25T16:43:47 IST" skipped="0">
  <testcase classname="com.bpract.mlmdemo.testscripts.DemoCommunicationTest" name="verifyBlogWithValidData" time="11.589"/>
  <system-out>
welcome to dashboard!!!  </system-out>
</testsuite> <!-- com.bpract.mlmdemo.testscripts.DemoCommunicationTest -->
